(/opt/context-minimals/texmf-context/tex/context/base/cont-yes.mkiv

ConTeXt  ver: 2012.11.12 17:10 MKIV  fmt: 2012.11.14  int: english/english

system          > cont-new.mkiv loaded
(/opt/context-minimals/texmf-context/tex/context/base/cont-new.mkiv
system          > beware: some patches loaded from cont-new.mkiv
)
system          > files > jobname: log-2011_2012, input: log-2011_2012, result: log-2011_2012
fonts           > latin modern fonts are not preloaded
languages       > language en is active
(log-2011_2012.tex{/opt/context-minimals/texmf-context/fonts/map/pdftex/context/mkiv-base.map}
fonts           > preloading latin modern fonts (second stage)
fonts           > typescripts > unknown: library 'loc'
{/opt/context-minimals/texmf/fonts/map/dvips/lm/lm-math.map}{/opt/context-minimals/texmf/fonts/map/dvips/lm/lm-rm.map}
fonts           > virtual math > unable to resolve name mapsfromchar
fonts           > fallback modern rm 12pt is loaded

% begin of command line arguments
%
% script               = true
% fulljobname          = ./log-2011_2012.tex
% input                = ./log-2011_2012.tex
% no-parse-first-line  = true
% kindofrun            = 2
% currentrun           = 2
%
% end of command line arguments

% begin of command line files
%
% 1  ./log-2011_2012.tex
%
% end of command line files


Underfull \hbox (badness 1112) in paragraph at lines 3--2031
\3>modern-designsize-12pt-rm-tf-0--0 — Amélioré le de-sign de la page

\hbox(8.568+2.46)x192.39372, glue set 2.23396, direction TLT
.\3>modern-designsize-12pt-rm-tf-0--0 —
.\glue 3.912 plus 1.956 minus 1.304
.\3>modern-designsize-12pt-rm-tf-0--0 A
.\3>modern-designsize-12pt-rm-tf-0--0 m
.\3>modern-designsize-12pt-rm-tf-0--0 é
.etc.


Underfull \hbox (badness 1142) in paragraph at lines 3--2031
\3>modern-designsize-12pt-rm-tf-0--0 — ajout des fichiers textes, plan,

\hbox(8.448+2.448)x192.39372, glue set 2.25394, direction TLT
.\3>modern-designsize-12pt-rm-tf-0--0 —
.\glue 3.912 plus 1.956 minus 1.304
.\3>modern-designsize-12pt-rm-tf-0--0 a
.\kern 0.32399
.\3>modern-designsize-12pt-rm-tf-0--0 j
.etc.


Overfull \hbox (1.31439pt too wide) in paragraph at lines 3--2031
\3>modern-designsize-12pt-rm-tf-0--0 — pro-gramme pour présen-ta-tion balsa

\hbox(8.364+2.46)x192.39372, glue set - 1.0, direction TLT
.\3>modern-designsize-12pt-rm-tf-0--0 —
.\glue 3.912 plus 1.956 minus 1.304
.\3>modern-designsize-12pt-rm-tf-0--0 p
.\3>modern-designsize-12pt-rm-tf-0--0 r
.\3>modern-designsize-12pt-rm-tf-0--0 o
.etc.


Underfull \hbox (badness 1412) in paragraph at lines 3--2031
\3>modern-designsize-12pt-rm-tf-0--0 — Ajouté le graphviz pour notre

\hbox(8.568+2.46)x192.39372, glue set 2.41817, direction TLT
.\3>modern-designsize-12pt-rm-tf-0--0 —
.\glue 3.912 plus 1.956 minus 1.304
.\3>modern-designsize-12pt-rm-tf-0--0 A
.\3>modern-designsize-12pt-rm-tf-0--0 j
.\3>modern-designsize-12pt-rm-tf-0--0 o
.etc.


Underfull \hbox (badness 1292) in paragraph at lines 3--2031
\3>modern-designsize-12pt-rm-tf-0--0 — grands es-paces dans les titres.

\hbox(8.328+2.46)x192.39372, glue set 2.347, direction TLT
.\3>modern-designsize-12pt-rm-tf-0--0 —
.\glue 3.912 plus 1.956 minus 1.304
.\3>modern-designsize-12pt-rm-tf-0--0 g
.\3>modern-designsize-12pt-rm-tf-0--0 r
.\3>modern-designsize-12pt-rm-tf-0--0 a
.etc.


Overfull \hbox (51.32628pt too wide) in paragraph at lines 3--2031
\3>modern-designsize-12pt-rm-tf-0--0 — git log FI-NAAAAAAAAAAAAAAAAAAAL []

\hbox(10.42677+4.05482)x192.39372, glue set - 1.0, direction TLT
.\3>modern-designsize-12pt-rm-tf-0--0 —
.\glue 3.912 plus 1.956 minus 1.304
.\3>modern-designsize-12pt-rm-tf-0--0 g
.\3>modern-designsize-12pt-rm-tf-0--0 i
.\3>modern-designsize-12pt-rm-tf-0--0 t
.etc.


Underfull \hbox (badness 10000) in paragraph at lines 3--2031


\hbox(0.0+0.0)x192.39372, direction TLT
.\penalty -10000
.\glue(\rightskip) 0.0


Overfull \hbox (2.82716pt too wide) in paragraph at lines 3--2031
\3>modern-designsize-12pt-rm-tf-0--0 — cre-ate folder pince-www, put scripts

\hbox(8.448+2.328)x192.39372, glue set - 1.0, direction TLT
.\3>modern-designsize-12pt-rm-tf-0--0 —
.\glue 3.912 plus 1.956 minus 1.304
.\3>modern-designsize-12pt-rm-tf-0--0 c
.\3>modern-designsize-12pt-rm-tf-0--0 r
.\3>modern-designsize-12pt-rm-tf-0--0 e
.etc.


Underfull \hbox (badness 2707) in paragraph at lines 3--2031
\3>modern-designsize-12pt-rm-tf-0--0 — cor-rec-tions typo dans le pro-

\hbox(8.328+2.448)x192.39372, glue set 3.0059, direction TLT
.\3>modern-designsize-12pt-rm-tf-0--0 —
.\glue 3.912 plus 1.956 minus 1.304
.\3>modern-designsize-12pt-rm-tf-0--0 c
.\3>modern-designsize-12pt-rm-tf-0--0 o
.\3>modern-designsize-12pt-rm-tf-0--0 r
.etc.


Overfull \hbox (71.78249pt too wide) in paragraph at lines 3--2031
\3>modern-designsize-12pt-rm-tf-0--0 — Merge branch ’mas-ter’ of 192.168.0.133:work/bal-

\hbox(9.0+3.0)x192.39372, glue set - 1.0, direction TLT
.\3>modern-designsize-12pt-rm-tf-0--0 —
.\glue 3.912 plus 1.956 minus 1.304
.\3>modern-designsize-12pt-rm-tf-0--0 M
.\3>modern-designsize-12pt-rm-tf-0--0 e
.\3>modern-designsize-12pt-rm-tf-0--0 r
.etc.


Overfull \hbox (2.26237pt too wide) in paragraph at lines 3--2031
\3>modern-designsize-12pt-rm-tf-0--0 Stéphanie Vi-layphiou spilled the beans []

\hbox(10.42677+4.05482)x192.39372, glue set - 1.0, direction TLT
.\3>modern-designsize-12pt-rm-tf-0--0 S
.\3>modern-designsize-12pt-rm-tf-0--0 t
.\3>modern-designsize-12pt-rm-tf-0--0 é
.\3>modern-designsize-12pt-rm-tf-0--0 p
.\3>modern-designsize-12pt-rm-tf-0--0 h
.etc.


Underfull \hbox (badness 10000) in paragraph at lines 3--2031


\hbox(0.0+0.0)x192.39372, direction TLT
.\penalty -10000
.\glue(\rightskip) 0.0


Overfull \hbox (2.26237pt too wide) in paragraph at lines 3--2031
\3>modern-designsize-12pt-rm-tf-0--0 Stéphanie Vi-layphiou spilled the beans []

\hbox(10.42677+4.05482)x192.39372, glue set - 1.0, direction TLT
.\3>modern-designsize-12pt-rm-tf-0--0 S
.\3>modern-designsize-12pt-rm-tf-0--0 t
.\3>modern-designsize-12pt-rm-tf-0--0 é
.\3>modern-designsize-12pt-rm-tf-0--0 p
.\3>modern-designsize-12pt-rm-tf-0--0 h
.etc.


Underfull \hbox (badness 10000) in paragraph at lines 3--2031


\hbox(0.0+0.0)x192.39372, direction TLT
.\penalty -10000
.\glue(\rightskip) 0.0


Underfull \hbox (badness 1019) in paragraph at lines 3--2031
\3>modern-designsize-12pt-rm-tf-0--0 Wednesday, 7th Sep-tem-ber 2011 -

\hbox(8.448+2.448)x192.39372, glue set 2.17078, direction TLT
.\3>modern-designsize-12pt-rm-tf-0--0 W
.\kern -0.984
.\3>modern-designsize-12pt-rm-tf-0--0 e
.\3>modern-designsize-12pt-rm-tf-0--0 d
.\3>modern-designsize-12pt-rm-tf-0--0 n
.etc.


Underfull \hbox (badness 1019) in paragraph at lines 3--2031
\3>modern-designsize-12pt-rm-tf-0--0 Wednesday, 7th Sep-tem-ber 2011 -

\hbox(8.448+2.448)x192.39372, glue set 2.17078, direction TLT
.\3>modern-designsize-12pt-rm-tf-0--0 W
.\kern -0.984
.\3>modern-designsize-12pt-rm-tf-0--0 e
.\3>modern-designsize-12pt-rm-tf-0--0 d
.\3>modern-designsize-12pt-rm-tf-0--0 n
.etc.


Underfull \hbox (badness 1019) in paragraph at lines 3--2031
\3>modern-designsize-12pt-rm-tf-0--0 Wednesday, 7th Sep-tem-ber 2011 -

\hbox(8.448+2.448)x192.39372, glue set 2.17078, direction TLT
.\3>modern-designsize-12pt-rm-tf-0--0 W
.\kern -0.984
.\3>modern-designsize-12pt-rm-tf-0--0 e
.\3>modern-designsize-12pt-rm-tf-0--0 d
.\3>modern-designsize-12pt-rm-tf-0--0 n
.etc.


Underfull \hbox (badness 1184) in paragraph at lines 3--2031
\3>modern-designsize-12pt-rm-tf-0--0 — Merge branch ’mas-ter’ of con-

\hbox(8.448+2.46)x192.39372, glue set 2.27951, direction TLT
.\3>modern-designsize-12pt-rm-tf-0--0 —
.\glue 3.912 plus 1.956 minus 1.304
.\3>modern-designsize-12pt-rm-tf-0--0 M
.\3>modern-designsize-12pt-rm-tf-0--0 e
.\3>modern-designsize-12pt-rm-tf-0--0 r
.etc.


Underfull \hbox (badness 2197) in paragraph at lines 3--2031
\3>modern-designsize-12pt-rm-tf-0--0 Saturday, 10th Sep-tem-ber 2011 -

\hbox(8.448+2.448)x192.39372, glue set 2.80304, direction TLT
.\3>modern-designsize-12pt-rm-tf-0--0 S
.\3>modern-designsize-12pt-rm-tf-0--0 a
.\3>modern-designsize-12pt-rm-tf-0--0 t
.\3>modern-designsize-12pt-rm-tf-0--0 u
.\3>modern-designsize-12pt-rm-tf-0--0 r
.etc.


Underfull \hbox (badness 1596) in paragraph at lines 3--2031
\3>modern-designsize-12pt-rm-tf-0--0 Thursday, 15th Sep-tem-ber 2011 -

\hbox(8.448+2.448)x192.39372, glue set 2.52156, direction TLT
.\3>modern-designsize-12pt-rm-tf-0--0 T
.\3>modern-designsize-12pt-rm-tf-0--0 h
.\kern -0.32399
.\3>modern-designsize-12pt-rm-tf-0--0 u
.\3>modern-designsize-12pt-rm-tf-0--0 r
.etc.


Overfull \hbox (2.26237pt too wide) in paragraph at lines 3--2031
\3>modern-designsize-12pt-rm-tf-0--0 Stéphanie Vi-layphiou spilled the beans []

\hbox(10.42677+4.05482)x192.39372, glue set - 1.0, direction TLT
.\3>modern-designsize-12pt-rm-tf-0--0 S
.\3>modern-designsize-12pt-rm-tf-0--0 t
.\3>modern-designsize-12pt-rm-tf-0--0 é
.\3>modern-designsize-12pt-rm-tf-0--0 p
.\3>modern-designsize-12pt-rm-tf-0--0 h
.etc.


Underfull \hbox (badness 10000) in paragraph at lines 3--2031


\hbox(0.0+0.0)x192.39372, direction TLT
.\penalty -10000
.\glue(\rightskip) 0.0


Overfull \hbox (2.26237pt too wide) in paragraph at lines 3--2031
\3>modern-designsize-12pt-rm-tf-0--0 Stéphanie Vi-layphiou spilled the beans []

\hbox(10.42677+4.05482)x192.39372, glue set - 1.0, direction TLT
.\3>modern-designsize-12pt-rm-tf-0--0 S
.\3>modern-designsize-12pt-rm-tf-0--0 t
.\3>modern-designsize-12pt-rm-tf-0--0 é
.\3>modern-designsize-12pt-rm-tf-0--0 p
.\3>modern-designsize-12pt-rm-tf-0--0 h
.etc.


Underfull \hbox (badness 10000) in paragraph at lines 3--2031


\hbox(0.0+0.0)x192.39372, direction TLT
.\penalty -10000
.\glue(\rightskip) 0.0


Underfull \hbox (badness 1721) in paragraph at lines 3--2031
\3>modern-designsize-12pt-rm-tf-0--0 Wednesday, 7th De-cem-ber 2011 -

\hbox(8.328+2.448)x192.39372, glue set 2.58363, direction TLT
.\3>modern-designsize-12pt-rm-tf-0--0 W
.\kern -0.984
.\3>modern-designsize-12pt-rm-tf-0--0 e
.\3>modern-designsize-12pt-rm-tf-0--0 d
.\3>modern-designsize-12pt-rm-tf-0--0 n
.etc.


Underfull \hbox (badness 1721) in paragraph at lines 3--2031
\3>modern-designsize-12pt-rm-tf-0--0 Wednesday, 7th De-cem-ber 2011 -

\hbox(8.328+2.448)x192.39372, glue set 2.58363, direction TLT
.\3>modern-designsize-12pt-rm-tf-0--0 W
.\kern -0.984
.\3>modern-designsize-12pt-rm-tf-0--0 e
.\3>modern-designsize-12pt-rm-tf-0--0 d
.\3>modern-designsize-12pt-rm-tf-0--0 n
.etc.


Underfull \hbox (badness 1147) in paragraph at lines 3--2031
\3>modern-designsize-12pt-rm-tf-0--0 remis feuilles de styles de cel-lules

\hbox(8.448+2.448)x192.39372, glue set 2.25621, direction TLT
.\3>modern-designsize-12pt-rm-tf-0--0 r
.\3>modern-designsize-12pt-rm-tf-0--0 e
.\3>modern-designsize-12pt-rm-tf-0--0 m
.\3>modern-designsize-12pt-rm-tf-0--0 i
.\3>modern-designsize-12pt-rm-tf-0--0 s
.etc.


Overfull \hbox (14.47037pt too wide) in paragraph at lines 3--2031
\3>modern-designsize-12pt-rm-tf-0--0 — bougé lo-gos haute-def dans sous-folder

\hbox(8.448+2.46)x192.39372, glue set - 1.0, direction TLT
.\3>modern-designsize-12pt-rm-tf-0--0 —
.\glue 3.912 plus 1.956 minus 1.304
.\3>modern-designsize-12pt-rm-tf-0--0 b
.\kern 0.32399
.\3>modern-designsize-12pt-rm-tf-0--0 o
.etc.


Overfull \hbox (9.57439pt too wide) in paragraph at lines 3--2031
\3>modern-designsize-12pt-rm-tf-0--0 — pe-tits lo-gos parte-naires pour newslet-

\hbox(8.328+2.46)x192.39372, glue set - 1.0, direction TLT
.\3>modern-designsize-12pt-rm-tf-0--0 —
.\glue 3.912 plus 1.956 minus 1.304
.\3>modern-designsize-12pt-rm-tf-0--0 p
.\kern 0.32399
.\3>modern-designsize-12pt-rm-tf-0--0 e
.etc.


Underfull \hbox (badness 2351) in paragraph at lines 3--2031
\3>modern-designsize-12pt-rm-tf-0--0 — re-tableau à 100Thurs-day, 1st

\hbox(8.364+2.448)x192.39372, glue set 2.86656, direction TLT
.\3>modern-designsize-12pt-rm-tf-0--0 —
.\glue 3.912 plus 1.956 minus 1.304
.\3>modern-designsize-12pt-rm-tf-0--0 r
.\3>modern-designsize-12pt-rm-tf-0--0 e
.\3>modern-designsize-12pt-rm-tf-0--0 -
.etc.


Underfull \hbox (badness 10000) in paragraph at lines 3--2031


\hbox(0.0+0.0)x192.39372, direction TLT
.\glue(\rightskip) 0.0

backend         > xmp > using file '/opt/context-minimals/texmf-context/tex/context/base/lpdf-pdx.xml'
pages           > flushing realpage 1, userpage 1
pages           > flushing realpage 2, userpage 2
pages           > flushing realpage 3, userpage 3
pages           > flushing realpage 4, userpage 4
pages           > flushing realpage 5, userpage 5
pages           > flushing realpage 6, userpage 6
pages           > flushing realpage 7, userpage 7
pages           > flushing realpage 8, userpage 8
pages           > flushing realpage 9, userpage 9
pages           > flushing realpage 10, userpage 10
pages           > flushing realpage 11, userpage 11
pages           > flushing realpage 12, userpage 12
pages           > flushing realpage 13, userpage 13
pages           > flushing realpage 14, userpage 14
pages           > flushing realpage 15, userpage 15
pages           > flushing realpage 16, userpage 16
pages           > flushing realpage 17, userpage 17
pages           > flushing realpage 18, userpage 18
pages           > flushing realpage 19, userpage 19
pages           > flushing realpage 20, userpage 20
pages           > flushing realpage 21, userpage 21
pages           > flushing realpage 22, userpage 22
pages           > flushing realpage 23, userpage 23
pages           > flushing realpage 24, userpage 24
pages           > flushing realpage 25, userpage 25
pages           > flushing realpage 26, userpage 26
pages           > flushing realpage 27, userpage 27
columns         > balanced in 1  step(s)
pages           > flushing realpage 28, userpage 28
 ) )</opt/context-minimals/texmf/fonts/opentype/public/lm/lmroman12-regular.otf>

system          > files > start used files

used files      >    1: filename=cont-yes.mkiv | filetype=tex | foundname=/opt/context-minimals/texmf-context/tex/context/base/cont-yes.mkiv | usedmethod=database
used files      >    2: filename=cont-new.mkiv | filetype=tex | foundname=/opt/context-minimals/texmf-context/tex/context/base/cont-new.mkiv | usedmethod=database
used files      >    3: filename=lang-us.lua | filetype=lua | foundname=/opt/context-minimals/texmf-context/tex/context/patterns/lang-us.lua | usedmethod=database
used files      >    4: filename=log-2011_2012.tex | foundname=log-2011_2012.tex | usedmethod=direct
used files      >    5: filename=mkiv-base.map | filetype=map | format=map | foundname=/opt/context-minimals/texmf-context/fonts/map/pdftex/context/mkiv-base.map | usedmethod=database
used files      >    6: filename=lm.lfg | filetype=tex | foundname=/opt/context-minimals/texmf-context/tex/context/fonts/lm.lfg | usedmethod=database
used files      >    7: filename=lm-math.lfg | filetype=tex | foundname=/opt/context-minimals/texmf-context/tex/context/fonts/lm-math.lfg | usedmethod=database
used files      >    8: filename=lm-math.map | filetype=map | format=map | foundname=/opt/context-minimals/texmf/fonts/map/dvips/lm/lm-math.map | usedmethod=database
used files      >    9: filename=lm-rm.map | filetype=map | format=map | foundname=/opt/context-minimals/texmf/fonts/map/dvips/lm/lm-rm.map | usedmethod=database
used files      >   10: filename=lmroman12-regular | filetype=otf | format=otf | foundname=/opt/context-minimals/texmf/fonts/opentype/public/lm/lmroman12-regular.otf | usedmethod=database
used files      >   11: filename=lmroman7-regular.otf | filetype=otf | format=otf | foundname=/opt/context-minimals/texmf/fonts/opentype/public/lm/lmroman7-regular.otf | usedmethod=database
used files      >   12: filename=rm-lmr7.tfm | filetype=tfm | format=tfm | foundname=/opt/context-minimals/texmf/fonts/tfm/public/lm/rm-lmr7.tfm | usedmethod=database
used files      >   13: filename=lmmi7.tfm | filetype=tfm | format=tfm | foundname=/opt/context-minimals/texmf/fonts/tfm/public/lm/lmmi7.tfm | usedmethod=database
used files      >   14: filename=lmsy7.tfm | filetype=tfm | format=tfm | foundname=/opt/context-minimals/texmf/fonts/tfm/public/lm/lmsy7.tfm | usedmethod=database
used files      >   15: filename=lmex10.tfm | filetype=tfm | format=tfm | foundname=/opt/context-minimals/texmf/fonts/tfm/public/lm/lmex10.tfm | usedmethod=database
used files      >   16: filename=msam7.tfm | filetype=tfm | format=tfm | foundname=/opt/context-minimals/texmf/fonts/tfm/public/amsfonts/symbols/msam7.tfm | usedmethod=database
used files      >   17: filename=msbm7.tfm | filetype=tfm | format=tfm | foundname=/opt/context-minimals/texmf/fonts/tfm/public/amsfonts/symbols/msbm7.tfm | usedmethod=database
used files      >   18: filename=stmary10.afm | filetype=afm | format=afm | foundname=/opt/context-minimals/texmf/fonts/afm/public/stmaryrd/stmary10.afm | usedmethod=database
used files      >   19: filename=stmary10.pfb | filetype=pfb | format=pfb | foundname=/opt/context-minimals/texmf/fonts/type1/public/stmaryrd/stmary10.pfb | usedmethod=database
used files      >   20: filename=lmroman7-bold.otf | filetype=otf | format=otf | foundname=/opt/context-minimals/texmf/fonts/opentype/public/lm/lmroman7-bold.otf | usedmethod=database
used files      >   21: filename=lmmib7.tfm | filetype=tfm | format=tfm | foundname=/opt/context-minimals/texmf/fonts/tfm/public/lm/lmmib7.tfm | usedmethod=database
used files      >   22: filename=lmsans8-regular.otf | filetype=otf | format=otf | foundname=/opt/context-minimals/texmf/fonts/opentype/public/lm/lmsans8-regular.otf | usedmethod=database
used files      >   23: filename=lmmono8-regular.otf | filetype=otf | format=otf | foundname=/opt/context-minimals/texmf/fonts/opentype/public/lm/lmmono8-regular.otf | usedmethod=database
used files      >   24: filename=eufm7.tfm | filetype=tfm | format=tfm | foundname=/opt/context-minimals/texmf/fonts/tfm/public/amsfonts/euler/eufm7.tfm | usedmethod=database
used files      >   25: filename=eufb7.tfm | filetype=tfm | format=tfm | foundname=/opt/context-minimals/texmf/fonts/tfm/public/amsfonts/euler/eufb7.tfm | usedmethod=database
used files      >   26: filename=lmroman9-regular.otf | filetype=otf | format=otf | foundname=/opt/context-minimals/texmf/fonts/opentype/public/lm/lmroman9-regular.otf | usedmethod=database
used files      >   27: filename=rm-lmr9.tfm | filetype=tfm | format=tfm | foundname=/opt/context-minimals/texmf/fonts/tfm/public/lm/rm-lmr9.tfm | usedmethod=database
used files      >   28: filename=lmmi9.tfm | filetype=tfm | format=tfm | foundname=/opt/context-minimals/texmf/fonts/tfm/public/lm/lmmi9.tfm | usedmethod=database
used files      >   29: filename=lmsy9.tfm | filetype=tfm | format=tfm | foundname=/opt/context-minimals/texmf/fonts/tfm/public/lm/lmsy9.tfm | usedmethod=database
used files      >   30: filename=msam10.tfm | filetype=tfm | format=tfm | foundname=/opt/context-minimals/texmf/fonts/tfm/public/amsfonts/symbols/msam10.tfm | usedmethod=database
used files      >   31: filename=msbm10.tfm | filetype=tfm | format=tfm | foundname=/opt/context-minimals/texmf/fonts/tfm/public/amsfonts/symbols/msbm10.tfm | usedmethod=database
used files      >   32: filename=lmroman9-bold.otf | filetype=otf | format=otf | foundname=/opt/context-minimals/texmf/fonts/opentype/public/lm/lmroman9-bold.otf | usedmethod=database
used files      >   33: filename=lmmib10.tfm | filetype=tfm | format=tfm | foundname=/opt/context-minimals/texmf/fonts/tfm/public/lm/lmmib10.tfm | usedmethod=database
used files      >   34: filename=lmsans9-regular.otf | filetype=otf | format=otf | foundname=/opt/context-minimals/texmf/fonts/opentype/public/lm/lmsans9-regular.otf | usedmethod=database
used files      >   35: filename=lmmono9-regular.otf | filetype=otf | format=otf | foundname=/opt/context-minimals/texmf/fonts/opentype/public/lm/lmmono9-regular.otf | usedmethod=database
used files      >   36: filename=eufm10.tfm | filetype=tfm | format=tfm | foundname=/opt/context-minimals/texmf/fonts/tfm/public/amsfonts/euler/eufm10.tfm | usedmethod=database
used files      >   37: filename=eufb10.tfm | filetype=tfm | format=tfm | foundname=/opt/context-minimals/texmf/fonts/tfm/public/amsfonts/euler/eufb10.tfm | usedmethod=database
used files      >   38: filename=lmroman12-regular.otf | filetype=otf | format=otf | foundname=/opt/context-minimals/texmf/fonts/opentype/public/lm/lmroman12-regular.otf | usedmethod=database
used files      >   39: filename=rm-lmr12.tfm | filetype=tfm | format=tfm | foundname=/opt/context-minimals/texmf/fonts/tfm/public/lm/rm-lmr12.tfm | usedmethod=database
used files      >   40: filename=lmmi12.tfm | filetype=tfm | format=tfm | foundname=/opt/context-minimals/texmf/fonts/tfm/public/lm/lmmi12.tfm | usedmethod=database
used files      >   41: filename=lmsy10.tfm | filetype=tfm | format=tfm | foundname=/opt/context-minimals/texmf/fonts/tfm/public/lm/lmsy10.tfm | usedmethod=database
used files      >   42: filename=lmroman12-bold.otf | filetype=otf | format=otf | foundname=/opt/context-minimals/texmf/fonts/opentype/public/lm/lmroman12-bold.otf | usedmethod=database
used files      >   43: filename=lmsans12-regular.otf | filetype=otf | format=otf | foundname=/opt/context-minimals/texmf/fonts/opentype/public/lm/lmsans12-regular.otf | usedmethod=database
used files      >   44: filename=lmmono12-regular.otf | filetype=otf | format=otf | foundname=/opt/context-minimals/texmf/fonts/opentype/public/lm/lmmono12-regular.otf | usedmethod=database
used files      >   45: filename=lpdf-pdx.xml | filetype=tex | foundname=/opt/context-minimals/texmf-context/tex/context/base/lpdf-pdx.xml | usedmethod=database

system          > files > stop used files


system          > structure > start used structure

used structure  > text: log-2011_2012

system          > structure > stop used structure


mkiv lua stats  > used config file          - selfautoparent:/texmf/web2c/texmfcnf.lua
mkiv lua stats  > used cache path           - /home/svilayphiou/texmf-cache/luatex-cache/context/5fe67e0bfe781ce0dde776fb1556f32e
mkiv lua stats  > resource resolver         - loadtime 0.036 seconds, 0 scans with scantime 0.000 seconds, 0 shared scans, 45 found files, scanned paths: 
mkiv lua stats  > stored bytecode data      - 313 modules (0.310 sec), 66 tables (0.010 sec), 379 chunks (0.320 sec)
mkiv lua stats  > cleaned up reserved nodes - 41 nodes, 9 lists of 449
mkiv lua stats  > node memory usage         - 3 glue, 2 penalty, 12 attribute, 192 glue_spec, 4 attribute_list
mkiv lua stats  > node list callback tasks  - 6 unique task lists, 5 instances (re)created, 5636 calls
mkiv lua stats  > h-node processing time    - 0.625 seconds including kernel
mkiv lua stats  > attribute processing time - 0.285 seconds front- and backend
mkiv lua stats  > used backend              - pdf (backend for directly generating pdf output)
mkiv lua stats  > loaded patterns           - en::2
mkiv lua stats  > jobdata time              - 0.007 seconds saving, 0.003 seconds loading
mkiv lua stats  > callbacks                 - 7390 direct, 2184 indirect, 9574 total
mkiv lua stats  > randomizer                - resumed with value 0.79431896554042
mkiv lua stats  > lxml preparation time     - 0.000 seconds, 0 nodes, 15 lpath calls, 0 cached calls
mkiv lua stats  > v-node processing time    - 40.207 seconds 
mkiv lua stats  > positions                 - 84 collected, 84 regulars, 0 regions, 0 unresolved regions
mkiv lua stats  > result saved in file      - log-2011_2012.pdf, compresslevel 3, objectcompreslevel 3
mkiv lua stats  > loaded fonts              - 33 files: stmary10.afm lmmono12-regular.otf lmmono8-regular.otf lmmono9-regular.otf lmroman12-bold.otf lmroman12-regular.otf lmroman7-bold.otf lmroman7-regular.otf lmroman9-bold.otf lmroman9-regular.otf lmsans12-regular.otf lmsans8-regular.otf lmsans9-regular.otf eufb10.tfm eufb7.tfm eufm10.tfm eufm7.tfm msam10.tfm msam7.tfm msbm10.tfm msbm7.tfm lmex10.tfm lmmi12.tfm lmmi7.tfm lmmi9.tfm lmmib10.tfm lmmib7.tfm lmsy10.tfm lmsy7.tfm lmsy9.tfm rm-lmr12.tfm rm-lmr7.tfm rm-lmr9.tfm
mkiv lua stats  > fonts load time           - 0.391 seconds 
mkiv lua stats  > luatex banner             - this is luatex, version beta-0.70.2-2012052410 (tex live 2012)
mkiv lua stats  > control sequences         - 35963 of 65536 + 100000
mkiv lua stats  > current memory usage      - 41 MB (ctx: 42 MB)
mkiv lua stats  > runtime                   - 43.657 seconds, 27 processed pages, 28 shipped pages, 0.641 pages/second

